<?xml version="1.0" encoding="UTF-8"?>
<!-- Generated by org.testng.reporters.JUnitXMLReporter -->
<testsuite hostname="ahtisham-HP-15-Notebook-PC" ignored="0" name="Driver Script Suite 1" tests="1" failures="0" timestamp="12 Mar 2019 05:09:53 GMT" time="0.015" errors="0">
  <testcase name="@BeforeSuite startTesting" time="2.677" classname="testApps.DriverApp">
    <failure type="java.lang.IllegalStateException" message="The driver executable does not exist: /usr/lib/chromium-browser/chromedriver">
      <![CDATA[java.lang.IllegalStateException: The driver executable does not exist: /usr/lib/chromium-browser/chromedriver
at com.google.common.base.Preconditions.checkState(Preconditions.java:585)
at org.openqa.selenium.remote.service.DriverService.checkExecutable(DriverService.java:146)
at org.openqa.selenium.remote.service.DriverService.findExecutable(DriverService.java:141)
at org.openqa.selenium.chrome.ChromeDriverService.access$000(ChromeDriverService.java:35)
at org.openqa.selenium.chrome.ChromeDriverService$Builder.findDefaultExecutable(ChromeDriverService.java:159)
at org.openqa.selenium.remote.service.DriverService$Builder.build(DriverService.java:355)
at org.openqa.selenium.chrome.ChromeDriverService.createDefaultService(ChromeDriverService.java:94)
at org.openqa.selenium.chrome.ChromeDriver.<init>(ChromeDriver.java:157)
at testApps.DriverApp.startTesting(DriverApp.java:201)
... Removed 20 stack frames]]>
    </failure>
  </testcase> <!-- @BeforeSuite startTesting -->
  <testcase name="testApp" time="0.0" classname="testApps.DriverApp">
    <skipped/>
  </testcase> <!-- testApp -->
</testsuite> <!-- Driver Script Suite 1 -->
